This is pdfTeX, Version 3.14159265-2.6-1.40.16 (TeX Live 2015/W32TeX) (preloaded format=pdflatex 2016.3.31)  10 APR 2016 14:22
entering extended mode
 restricted \write18 enabled.
 %&-line parsing enabled.
**./paper.tex
(./paper.tex
LaTeX2e <2016/02/01>
Babel <3.9q> and hyphenation patterns for 81 language(s) loaded.
(./llncs.cls
Document Class: llncs 2014/03/31 v2.19 
 LaTeX document class for Lecture Notes in Computer Science
(c:/texlive/2015/texmf-dist/tex/latex/base/article.cls
Document Class: article 2014/09/29 v1.4h Standard LaTeX document class
(c:/texlive/2015/texmf-dist/tex/latex/base/size10.clo
File: size10.clo 2014/09/29 v1.4h Standard LaTeX file (size option)
)
\c@part=\count79
\c@section=\count80
\c@subsection=\count81
\c@subsubsection=\count82
\c@paragraph=\count83
\c@subparagraph=\count84
\c@figure=\count85
\c@table=\count86
\abovecaptionskip=\skip41
\belowcaptionskip=\skip42
\bibindent=\dimen102
)
(c:/texlive/2015/texmf-dist/tex/latex/tools/multicol.sty
Package: multicol 2015/08/19 v1.8n multicolumn formatting (FMi)
\c@tracingmulticols=\count87
\mult@box=\box26
\multicol@leftmargin=\dimen103
\c@unbalance=\count88
\c@collectmore=\count89
\doublecol@number=\count90
\multicoltolerance=\count91
\multicolpretolerance=\count92
\full@width=\dimen104
\page@free=\dimen105
\premulticols=\dimen106
\postmulticols=\dimen107
\multicolsep=\skip43
\multicolbaselineskip=\skip44
\partial@page=\box27
\last@line=\box28
\maxbalancingoverflow=\dimen108
\mult@rightbox=\box29
\mult@grightbox=\box30
\mult@gfirstbox=\box31
\mult@firstbox=\box32
\@tempa=\box33
\@tempa=\box34
\@tempa=\box35
\@tempa=\box36
\@tempa=\box37
\@tempa=\box38
\@tempa=\box39
\@tempa=\box40
\@tempa=\box41
\@tempa=\box42
\@tempa=\box43
\@tempa=\box44
\@tempa=\box45
\@tempa=\box46
\@tempa=\box47
\@tempa=\box48
\@tempa=\box49
\c@columnbadness=\count93
\c@finalcolumnbadness=\count94
\last@try=\dimen109
\multicolovershoot=\dimen110
\multicolundershoot=\dimen111
\mult@nat@firstbox=\box50
\colbreak@box=\box51
\mc@col@check@num=\count95
) (./aliascnt.sty
Package: aliascnt 2009/09/08 v1.3 Alias counter (HO)

(./remreset.sty))
\c@chapter=\count96
LaTeX Font Info:    Redeclaring math symbol \Gamma on input line 362.
LaTeX Font Info:    Redeclaring math symbol \Delta on input line 363.
LaTeX Font Info:    Redeclaring math symbol \Theta on input line 364.
LaTeX Font Info:    Redeclaring math symbol \Lambda on input line 365.
LaTeX Font Info:    Redeclaring math symbol \Xi on input line 366.
LaTeX Font Info:    Redeclaring math symbol \Pi on input line 367.
LaTeX Font Info:    Redeclaring math symbol \Sigma on input line 368.
LaTeX Font Info:    Redeclaring math symbol \Upsilon on input line 369.
LaTeX Font Info:    Redeclaring math symbol \Phi on input line 370.
LaTeX Font Info:    Redeclaring math symbol \Psi on input line 371.
LaTeX Font Info:    Redeclaring math symbol \Omega on input line 372.
\tocchpnum=\dimen112
\tocsecnum=\dimen113
\tocsectotal=\dimen114
\tocsubsecnum=\dimen115
\tocsubsectotal=\dimen116
\tocsubsubsecnum=\dimen117
\tocsubsubsectotal=\dimen118
\tocparanum=\dimen119
\tocparatotal=\dimen120
\tocsubparanum=\dimen121
\@tempcntc=\count97
\fnindent=\dimen122
\c@@inst=\count98
\c@@auth=\count99
\c@auco=\count100
\instindent=\dimen123
\authrun=\box52
\authorrunning=\toks14
\tocauthor=\toks15
\titrun=\box53
\titlerunning=\toks16
\toctitle=\toks17
\c@theorem=\count101
\c@case=\count102
\c@conjecture=\count103
\c@corollary=\count104
\c@definition=\count105
\c@example=\count106
\c@exercise=\count107
\c@lemma=\count108
\c@note=\count109
\c@problem=\count110
\c@property=\count111
\c@proposition=\count112
\c@question=\count113
\c@solution=\count114
\c@remark=\count115
\headlineindent=\dimen124
) (c:/texlive/2015/texmf-dist/tex/latex/amsmath/amsmath.sty
Package: amsmath 2016/03/03 v2.15a AMS math features
\@mathmargin=\skip45

For additional information on amsmath, use the `?' option.
(c:/texlive/2015/texmf-dist/tex/latex/amsmath/amstext.sty
Package: amstext 2000/06/29 v2.01 AMS text

(c:/texlive/2015/texmf-dist/tex/latex/amsmath/amsgen.sty
File: amsgen.sty 1999/11/30 v2.0 generic functions
\@emptytoks=\toks18
\ex@=\dimen125
))
(c:/texlive/2015/texmf-dist/tex/latex/amsmath/amsbsy.sty
Package: amsbsy 1999/11/29 v1.2d Bold Symbols
\pmbraise@=\dimen126
)
(c:/texlive/2015/texmf-dist/tex/latex/amsmath/amsopn.sty
Package: amsopn 1999/12/14 v2.01 operator names
)
\inf@bad=\count116
LaTeX Info: Redefining \frac on input line 199.
\uproot@=\count117
\leftroot@=\count118
LaTeX Info: Redefining \overline on input line 297.
\classnum@=\count119
\DOTSCASE@=\count120
LaTeX Info: Redefining \ldots on input line 394.
LaTeX Info: Redefining \dots on input line 397.
LaTeX Info: Redefining \cdots on input line 518.
\Mathstrutbox@=\box54
\strutbox@=\box55
\big@size=\dimen127
LaTeX Font Info:    Redeclaring font encoding OML on input line 630.
LaTeX Font Info:    Redeclaring font encoding OMS on input line 631.


Package amsmath Warning: Unable to redefine math accent \vec.

\macc@depth=\count121
\c@MaxMatrixCols=\count122
\dotsspace@=\muskip10
\c@parentequation=\count123
\dspbrk@lvl=\count124
\tag@help=\toks19
\row@=\count125
\column@=\count126
\maxfields@=\count127
\andhelp@=\toks20
\eqnshift@=\dimen128
\alignsep@=\dimen129
\tagshift@=\dimen130
\tagwidth@=\dimen131
\totwidth@=\dimen132
\lineht@=\dimen133
\@envbody=\toks21
\multlinegap=\skip46
\multlinetaggap=\skip47
\mathdisplay@stack=\toks22
LaTeX Info: Redefining \[ on input line 2735.
LaTeX Info: Redefining \] on input line 2736.
) (c:/texlive/2015/texmf-dist/tex/latex/algorithmicx/algpseudocode.sty
Package: algpseudocode 

(c:/texlive/2015/texmf-dist/tex/latex/base/ifthen.sty
Package: ifthen 2014/09/29 v1.1c Standard LaTeX ifthen package (DPC)
)
(c:/texlive/2015/texmf-dist/tex/latex/algorithmicx/algorithmicx.sty
Package: algorithmicx 2005/04/27 v1.2 Algorithmicx

Document Style algorithmicx 1.2 - a greatly improved `algorithmic' style
\c@ALG@line=\count128
\c@ALG@rem=\count129
\c@ALG@nested=\count130
\ALG@tlm=\skip48
\ALG@thistlm=\skip49
\c@ALG@Lnr=\count131
\c@ALG@blocknr=\count132
\c@ALG@storecount=\count133
\c@ALG@tmpcounter=\count134
\ALG@tmplength=\skip50
)
Document Style - pseudocode environments for use with the `algorithmicx' style
) (c:/texlive/2015/texmf-dist/tex/latex/algorithms/algorithm.sty
Package: algorithm 2009/08/24 v0.1 Document Style `algorithm' - floating enviro
nment

(c:/texlive/2015/texmf-dist/tex/latex/float/float.sty
Package: float 2001/11/08 v1.3d Float enhancements (AL)
\c@float@type=\count135
\float@exts=\toks23
\float@box=\box56
\@float@everytoks=\toks24
\@floatcapt=\box57
)
\@float@every@algorithm=\toks25
\c@algorithm=\count136
)
(c:/texlive/2015/texmf-dist/tex/generic/babel/babel.sty
Package: babel 2016/02/24 3.9q The Babel package

(c:/texlive/2015/texmf-dist/tex/generic/babel-english/english.ldf
Language: english 2012/08/20 v3.3p English support from the babel system

(c:/texlive/2015/texmf-dist/tex/generic/babel/babel.def
File: babel.def 2016/02/24 3.9q Babel common definitions
\babel@savecnt=\count137
\U@D=\dimen134
)
\l@canadian = a dialect from \language\l@american 
\l@australian = a dialect from \language\l@british 
\l@newzealand = a dialect from \language\l@british 
))
(c:/texlive/2015/texmf-dist/tex/latex/graphics/graphicx.sty
Package: graphicx 2014/10/28 v1.0g Enhanced LaTeX Graphics (DPC,SPQR)

(c:/texlive/2015/texmf-dist/tex/latex/graphics/keyval.sty
Package: keyval 2014/10/28 v1.15 key=value parser (DPC)
\KV@toks@=\toks26
)
(c:/texlive/2015/texmf-dist/tex/latex/graphics/graphics.sty
Package: graphics 2016/01/03 v1.0q Standard LaTeX Graphics (DPC,SPQR)

(c:/texlive/2015/texmf-dist/tex/latex/graphics/trig.sty
Package: trig 2016/01/03 v1.10 sin cos tan (DPC)
)
(c:/texlive/2015/texmf-dist/tex/latex/latexconfig/graphics.cfg
File: graphics.cfg 2010/04/23 v1.9 graphics configuration of TeX Live
)
Package graphics Info: Driver file: pdftex.def on input line 95.

(c:/texlive/2015/texmf-dist/tex/latex/pdftex-def/pdftex.def
File: pdftex.def 2011/05/27 v0.06d Graphics/color for pdfTeX

(c:/texlive/2015/texmf-dist/tex/generic/oberdiek/infwarerr.sty
Package: infwarerr 2010/04/08 v1.3 Providing info/warning/error messages (HO)
)
(c:/texlive/2015/texmf-dist/tex/generic/oberdiek/ltxcmds.sty
Package: ltxcmds 2011/11/09 v1.22 LaTeX kernel commands for general use (HO)
)
\Gread@gobject=\count138
))
\Gin@req@height=\dimen135
\Gin@req@width=\dimen136
)
(c:/texlive/2015/texmf-dist/tex/latex/lipsum/lipsum.sty
Package: lipsum 2014/07/27 v1.3 150 paragraphs of Lorem Ipsum dummy text
\c@lips@count=\count139
)
(c:/texlive/2015/texmf-dist/tex/latex/paralist/paralist.sty
Package: paralist 2015/12/30 v2.5 Extended list environments
\pltopsep=\skip51
\plpartopsep=\skip52
\plitemsep=\skip53
\plparsep=\skip54
\pl@lab=\toks27
)
(c:/texlive/2015/texmf-dist/tex/latex/csquotes/csquotes.sty
Package: csquotes 2016/01/31 v5.1g context-sensitive quotations (JAW)

(c:/texlive/2015/texmf-dist/tex/latex/etoolbox/etoolbox.sty
Package: etoolbox 2015/08/02 v2.2a e-TeX tools for LaTeX (JAW)
\etb@tempcnta=\count140
)
\csq@reset=\count141
\csq@gtype=\count142
\csq@glevel=\count143
\csq@qlevel=\count144
\csq@maxlvl=\count145
\csq@tshold=\count146
\csq@ltx@everypar=\toks28

(c:/texlive/2015/texmf-dist/tex/latex/csquotes/csquotes.def
File: csquotes.def 2016/01/31 v5.1g csquotes generic definitions (JAW)
)
Package csquotes Info: Trying to load configuration file 'csquotes.cfg'...
Package csquotes Info: ... configuration file loaded successfully.

(c:/texlive/2015/texmf-dist/tex/latex/csquotes/csquotes.cfg
File: csquotes.cfg 
))
(c:/texlive/2015/texmf-dist/tex/latex/base/fontenc.sty
Package: fontenc 2005/09/27 v1.99g Standard LaTeX package

(c:/texlive/2015/texmf-dist/tex/latex/base/t1enc.def
File: t1enc.def 2005/09/27 v1.99g Standard LaTeX file
LaTeX Font Info:    Redeclaring font encoding T1 on input line 48.
))
(c:/texlive/2015/texmf-dist/tex/latex/microtype/microtype.sty
Package: microtype 2013/05/23 v2.5a Micro-typographical refinements (RS)
\MT@toks=\toks29
\MT@count=\count147
LaTeX Info: Redefining \textls on input line 766.
\MT@outer@kern=\dimen137
LaTeX Info: Redefining \textmicrotypecontext on input line 1285.
\MT@listname@count=\count148

(c:/texlive/2015/texmf-dist/tex/latex/microtype/microtype-pdftex.def
File: microtype-pdftex.def 2013/05/23 v2.5a Definitions specific to pdftex (RS)

LaTeX Info: Redefining \lsstyle on input line 915.
LaTeX Info: Redefining \lslig on input line 915.
\MT@outer@space=\skip55
)
Package microtype Info: Loading configuration file microtype.cfg.

(c:/texlive/2015/texmf-dist/tex/latex/microtype/microtype.cfg
File: microtype.cfg 2013/05/23 v2.5a microtype main configuration file (RS)
))
(c:/texlive/2015/texmf-dist/tex/latex/cfr-lm/cfr-lm.sty
Package: cfr-lm 2015/02/01 v1.5 cfr-lm for use with LatinModern v2.004

(c:/texlive/2015/texmf-dist/tex/latex/xkeyval/xkeyval.sty
Package: xkeyval 2014/12/03 v2.7a package option processing (HA)

(c:/texlive/2015/texmf-dist/tex/generic/xkeyval/xkeyval.tex
(c:/texlive/2015/texmf-dist/tex/generic/xkeyval/xkvutils.tex
\XKV@toks=\toks30
\XKV@tempa@toks=\toks31
)
\XKV@depth=\count149
File: xkeyval.tex 2014/12/03 v2.7a key=value parser (HA)
))
(c:/texlive/2015/texmf-dist/tex/latex/base/fontenc.sty
Package: fontenc 2005/09/27 v1.99g Standard LaTeX package

(c:/texlive/2015/texmf-dist/tex/latex/base/t1enc.def
File: t1enc.def 2005/09/27 v1.99g Standard LaTeX file
LaTeX Font Info:    Redeclaring font encoding T1 on input line 48.
))
(c:/texlive/2015/texmf-dist/tex/latex/base/textcomp.sty
Package: textcomp 2005/09/27 v1.99g Standard LaTeX package
Package textcomp Info: Sub-encoding information:
(textcomp)               5 = only ISO-Adobe without \textcurrency
(textcomp)               4 = 5 + \texteuro
(textcomp)               3 = 4 + \textohm
(textcomp)               2 = 3 + \textestimated + \textcurrency
(textcomp)               1 = TS1 - \textcircled - \t
(textcomp)               0 = TS1 (full)
(textcomp)             Font families with sub-encoding setting implement
(textcomp)             only a restricted character set as indicated.
(textcomp)             Family '?' is the default used for unknown fonts.
(textcomp)             See the documentation for details.
Package textcomp Info: Setting ? sub-encoding to TS1/1 on input line 79.

(c:/texlive/2015/texmf-dist/tex/latex/base/ts1enc.def
File: ts1enc.def 2001/06/05 v3.0e (jk/car/fm) Standard LaTeX file
)
LaTeX Info: Redefining \oldstylenums on input line 334.
Package textcomp Info: Setting cmr sub-encoding to TS1/0 on input line 349.
Package textcomp Info: Setting cmss sub-encoding to TS1/0 on input line 350.
Package textcomp Info: Setting cmtt sub-encoding to TS1/0 on input line 351.
Package textcomp Info: Setting cmvtt sub-encoding to TS1/0 on input line 352.
Package textcomp Info: Setting cmbr sub-encoding to TS1/0 on input line 353.
Package textcomp Info: Setting cmtl sub-encoding to TS1/0 on input line 354.
Package textcomp Info: Setting ccr sub-encoding to TS1/0 on input line 355.
Package textcomp Info: Setting ptm sub-encoding to TS1/4 on input line 356.
Package textcomp Info: Setting pcr sub-encoding to TS1/4 on input line 357.
Package textcomp Info: Setting phv sub-encoding to TS1/4 on input line 358.
Package textcomp Info: Setting ppl sub-encoding to TS1/3 on input line 359.
Package textcomp Info: Setting pag sub-encoding to TS1/4 on input line 360.
Package textcomp Info: Setting pbk sub-encoding to TS1/4 on input line 361.
Package textcomp Info: Setting pnc sub-encoding to TS1/4 on input line 362.
Package textcomp Info: Setting pzc sub-encoding to TS1/4 on input line 363.
Package textcomp Info: Setting bch sub-encoding to TS1/4 on input line 364.
Package textcomp Info: Setting put sub-encoding to TS1/5 on input line 365.
Package textcomp Info: Setting uag sub-encoding to TS1/5 on input line 366.
Package textcomp Info: Setting ugq sub-encoding to TS1/5 on input line 367.
Package textcomp Info: Setting ul8 sub-encoding to TS1/4 on input line 368.
Package textcomp Info: Setting ul9 sub-encoding to TS1/4 on input line 369.
Package textcomp Info: Setting augie sub-encoding to TS1/5 on input line 370.
Package textcomp Info: Setting dayrom sub-encoding to TS1/3 on input line 371.
Package textcomp Info: Setting dayroms sub-encoding to TS1/3 on input line 372.

Package textcomp Info: Setting pxr sub-encoding to TS1/0 on input line 373.
Package textcomp Info: Setting pxss sub-encoding to TS1/0 on input line 374.
Package textcomp Info: Setting pxtt sub-encoding to TS1/0 on input line 375.
Package textcomp Info: Setting txr sub-encoding to TS1/0 on input line 376.
Package textcomp Info: Setting txss sub-encoding to TS1/0 on input line 377.
Package textcomp Info: Setting txtt sub-encoding to TS1/0 on input line 378.
Package textcomp Info: Setting lmr sub-encoding to TS1/0 on input line 379.
Package textcomp Info: Setting lmdh sub-encoding to TS1/0 on input line 380.
Package textcomp Info: Setting lmss sub-encoding to TS1/0 on input line 381.
Package textcomp Info: Setting lmssq sub-encoding to TS1/0 on input line 382.
Package textcomp Info: Setting lmvtt sub-encoding to TS1/0 on input line 383.
Package textcomp Info: Setting lmtt sub-encoding to TS1/0 on input line 384.
Package textcomp Info: Setting qhv sub-encoding to TS1/0 on input line 385.
Package textcomp Info: Setting qag sub-encoding to TS1/0 on input line 386.
Package textcomp Info: Setting qbk sub-encoding to TS1/0 on input line 387.
Package textcomp Info: Setting qcr sub-encoding to TS1/0 on input line 388.
Package textcomp Info: Setting qcs sub-encoding to TS1/0 on input line 389.
Package textcomp Info: Setting qpl sub-encoding to TS1/0 on input line 390.
Package textcomp Info: Setting qtm sub-encoding to TS1/0 on input line 391.
Package textcomp Info: Setting qzc sub-encoding to TS1/0 on input line 392.
Package textcomp Info: Setting qhvc sub-encoding to TS1/0 on input line 393.
Package textcomp Info: Setting futs sub-encoding to TS1/4 on input line 394.
Package textcomp Info: Setting futx sub-encoding to TS1/4 on input line 395.
Package textcomp Info: Setting futj sub-encoding to TS1/4 on input line 396.
Package textcomp Info: Setting hlh sub-encoding to TS1/3 on input line 397.
Package textcomp Info: Setting hls sub-encoding to TS1/3 on input line 398.
Package textcomp Info: Setting hlst sub-encoding to TS1/3 on input line 399.
Package textcomp Info: Setting hlct sub-encoding to TS1/5 on input line 400.
Package textcomp Info: Setting hlx sub-encoding to TS1/5 on input line 401.
Package textcomp Info: Setting hlce sub-encoding to TS1/5 on input line 402.
Package textcomp Info: Setting hlcn sub-encoding to TS1/5 on input line 403.
Package textcomp Info: Setting hlcw sub-encoding to TS1/5 on input line 404.
Package textcomp Info: Setting hlcf sub-encoding to TS1/5 on input line 405.
Package textcomp Info: Setting pplx sub-encoding to TS1/3 on input line 406.
Package textcomp Info: Setting pplj sub-encoding to TS1/3 on input line 407.
Package textcomp Info: Setting ptmx sub-encoding to TS1/4 on input line 408.
Package textcomp Info: Setting ptmj sub-encoding to TS1/4 on input line 409.
)
(c:/texlive/2015/texmf-dist/tex/latex/nfssext-cfr/nfssext-cfr.sty
Package: nfssext-cfr 2010/07/17 specially mangled by cfr; based on 2003/03/14 v
1.2 Experimental NFSS Extensions
\c@taken=\count150
LaTeX Info: Redefining \itshape on input line 507.
LaTeX Info: Redefining \scshape on input line 515.
LaTeX Info: Redefining \upshape on input line 529.
)
LaTeX Font Info:    Overwriting symbol font `operators' in version `normal'
(Font)                  OT1/cmr/m/n --> OT1/lmr/m/n on input line 180.
LaTeX Font Info:    Overwriting symbol font `letters' in version `normal'
(Font)                  OML/cmm/m/it --> OML/lmm/m/it on input line 181.
LaTeX Font Info:    Overwriting symbol font `symbols' in version `normal'
(Font)                  OMS/cmsy/m/n --> OMS/lmsy/m/n on input line 182.
LaTeX Font Info:    Overwriting symbol font `largesymbols' in version `normal'
(Font)                  OMX/cmex/m/n --> OMX/lmex/m/n on input line 183.
LaTeX Font Info:    Overwriting symbol font `operators' in version `bold'
(Font)                  OT1/cmr/bx/n --> OT1/lmr/bx/n on input line 184.
LaTeX Font Info:    Overwriting symbol font `letters' in version `bold'
(Font)                  OML/cmm/b/it --> OML/lmm/b/it on input line 185.
LaTeX Font Info:    Overwriting symbol font `symbols' in version `bold'
(Font)                  OMS/cmsy/b/n --> OMS/lmsy/b/n on input line 186.
LaTeX Font Info:    Overwriting symbol font `largesymbols' in version `bold'
(Font)                  OMX/cmex/m/n --> OMX/lmex/m/n on input line 187.
LaTeX Font Info:    Overwriting math alphabet `\mathbf' in version `normal'
(Font)                  OT1/cmr/bx/n --> OT1/lmr/bx/n on input line 194.
LaTeX Font Info:    Overwriting math alphabet `\mathsf' in version `normal'
(Font)                  OT1/cmss/m/n --> OT1/lmss/m/n on input line 195.
LaTeX Font Info:    Overwriting math alphabet `\mathit' in version `normal'
(Font)                  OT1/cmr/m/it --> OT1/lmr/m/it on input line 196.
LaTeX Font Info:    Overwriting math alphabet `\mathtt' in version `normal'
(Font)                  OT1/cmtt/m/n --> OT1/lmtt/m/n on input line 197.
LaTeX Font Info:    Overwriting math alphabet `\mathbf' in version `bold'
(Font)                  OT1/cmr/bx/n --> OT1/lmr/bx/n on input line 198.
LaTeX Font Info:    Overwriting math alphabet `\mathsf' in version `bold'
(Font)                  OT1/cmss/bx/n --> OT1/lmss/bx/n on input line 199.
LaTeX Font Info:    Overwriting math alphabet `\mathit' in version `bold'
(Font)                  OT1/cmr/bx/it --> OT1/lmr/bx/it on input line 200.
LaTeX Font Info:    Overwriting math alphabet `\mathtt' in version `bold'
(Font)                  OT1/cmtt/m/n --> OT1/lmtt/m/n on input line 201.
)
(c:/texlive/2015/texmf-dist/tex/latex/blindtext/blindtext.sty
Package: blindtext 2012/01/06 V2.0 blindtext-Package

(c:/texlive/2015/texmf-dist/tex/latex/tools/xspace.sty
Package: xspace 2014/10/28 v1.13 Space after command names (DPC,MH)
)
\c@blindtext=\count151
\c@Blindtext=\count152
\c@blind@countparstart=\count153
\blind@countxx=\count154
\blindtext@numBlindtext=\count155
\blind@countyy=\count156
\c@blindlist=\count157
\c@blindlistlevel=\count158
\c@blindlist@level=\count159
\blind@listitem=\count160
\c@blind@listcount=\count161
\c@blind@levelcount=\count162
\blind@mathformula=\count163
\blind@Mathformula=\count164
\c@blind@randomcount=\count165
\c@blind@randommax=\count166
\c@blind@pangramcount=\count167
\c@blind@pangrammax=\count168
)
(c:/texlive/2015/texmf-dist/tex/latex/hyperref/hyperref.sty
Package: hyperref 2012/11/06 v6.83m Hypertext links for LaTeX

(c:/texlive/2015/texmf-dist/tex/generic/oberdiek/hobsub-hyperref.sty
Package: hobsub-hyperref 2012/05/28 v1.13 Bundle oberdiek, subset hyperref (HO)


(c:/texlive/2015/texmf-dist/tex/generic/oberdiek/hobsub-generic.sty
Package: hobsub-generic 2012/05/28 v1.13 Bundle oberdiek, subset generic (HO)
Package: hobsub 2012/05/28 v1.13 Construct package bundles (HO)
Package hobsub Info: Skipping package `infwarerr' (already loaded).
Package hobsub Info: Skipping package `ltxcmds' (already loaded).
Package: ifluatex 2010/03/01 v1.3 Provides the ifluatex switch (HO)
Package ifluatex Info: LuaTeX not detected.
Package: ifvtex 2010/03/01 v1.5 Detect VTeX and its facilities (HO)
Package ifvtex Info: VTeX not detected.
Package: intcalc 2007/09/27 v1.1 Expandable calculations with integers (HO)
Package: ifpdf 2011/01/30 v2.3 Provides the ifpdf switch (HO)
Package ifpdf Info: pdfTeX in PDF mode is detected.
Package: etexcmds 2011/02/16 v1.5 Avoid name clashes with e-TeX commands (HO)
Package etexcmds Info: Could not find \expanded.
(etexcmds)             That can mean that you are not using pdfTeX 1.50 or
(etexcmds)             that some package has redefined \expanded.
(etexcmds)             In the latter case, load this package earlier.
Package: kvsetkeys 2012/04/25 v1.16 Key value parser (HO)
Package: kvdefinekeys 2011/04/07 v1.3 Define keys (HO)
Package: pdftexcmds 2011/11/29 v0.20 Utility functions of pdfTeX for LuaTeX (HO
)
Package pdftexcmds Info: LuaTeX not detected.
Package pdftexcmds Info: \pdf@primitive is available.
Package pdftexcmds Info: \pdf@ifprimitive is available.
Package pdftexcmds Info: \pdfdraftmode found.
Package: pdfescape 2011/11/25 v1.13 Implements pdfTeX's escape features (HO)
Package: bigintcalc 2012/04/08 v1.3 Expandable calculations on big integers (HO
)
Package: bitset 2011/01/30 v1.1 Handle bit-vector datatype (HO)
Package: uniquecounter 2011/01/30 v1.2 Provide unlimited unique counter (HO)
)
Package hobsub Info: Skipping package `hobsub' (already loaded).
Package: letltxmacro 2010/09/02 v1.4 Let assignment for LaTeX macros (HO)
Package: hopatch 2012/05/28 v1.2 Wrapper for package hooks (HO)
Package: xcolor-patch 2011/01/30 xcolor patch
Package: atveryend 2011/06/30 v1.8 Hooks at the very end of document (HO)
Package: atbegshi 2011/10/05 v1.16 At begin shipout hook (HO)
Package: refcount 2011/10/16 v3.4 Data extraction from label references (HO)
Package: hycolor 2011/01/30 v1.7 Color options for hyperref/bookmark (HO)
)
(c:/texlive/2015/texmf-dist/tex/generic/ifxetex/ifxetex.sty
Package: ifxetex 2010/09/12 v0.6 Provides ifxetex conditional
)
(c:/texlive/2015/texmf-dist/tex/latex/oberdiek/auxhook.sty
Package: auxhook 2011/03/04 v1.3 Hooks for auxiliary files (HO)
)
(c:/texlive/2015/texmf-dist/tex/latex/oberdiek/kvoptions.sty
Package: kvoptions 2011/06/30 v3.11 Key value format for package options (HO)
)
\@linkdim=\dimen138
\Hy@linkcounter=\count169
\Hy@pagecounter=\count170

(c:/texlive/2015/texmf-dist/tex/latex/hyperref/pd1enc.def
File: pd1enc.def 2012/11/06 v6.83m Hyperref: PDFDocEncoding definition (HO)
)
\Hy@SavedSpaceFactor=\count171

(c:/texlive/2015/texmf-dist/tex/latex/latexconfig/hyperref.cfg
File: hyperref.cfg 2002/06/06 v1.2 hyperref configuration of TeXLive
)
Package hyperref Info: Option `bookmarks' set `false' on input line 4319.
Package hyperref Info: Option `breaklinks' set `true' on input line 4319.
Package hyperref Info: Option `colorlinks' set `true' on input line 4319.
Package hyperref Info: Hyper figures OFF on input line 4443.
Package hyperref Info: Link nesting OFF on input line 4448.
Package hyperref Info: Hyper index ON on input line 4451.
Package hyperref Info: Plain pages OFF on input line 4458.
Package hyperref Info: Backreferencing OFF on input line 4463.
Package hyperref Info: Implicit mode ON; LaTeX internals redefined.
Package hyperref Info: Bookmarks OFF on input line 4694.
\c@Hy@tempcnt=\count172

(c:/texlive/2015/texmf-dist/tex/latex/url/url.sty
\Urlmuskip=\muskip11
Package: url 2013/09/16  ver 3.4  Verb mode for urls, etc.
)
LaTeX Info: Redefining \url on input line 5041.
\XeTeXLinkMargin=\dimen139
\Fld@menulength=\count173
\Field@Width=\dimen140
\Fld@charsize=\dimen141
Package hyperref Info: Hyper figures OFF on input line 6295.
Package hyperref Info: Link nesting OFF on input line 6300.
Package hyperref Info: Hyper index ON on input line 6303.
Package hyperref Info: backreferencing OFF on input line 6310.
Package hyperref Info: Link coloring ON on input line 6313.
Package hyperref Info: Link coloring with OCG OFF on input line 6320.
Package hyperref Info: PDF/A mode OFF on input line 6325.
LaTeX Info: Redefining \ref on input line 6365.
LaTeX Info: Redefining \pageref on input line 6369.
\Hy@abspage=\count174
\c@Item=\count175
\c@Hfootnote=\count176
)

Package hyperref Message: Driver (autodetected): hpdftex.

(c:/texlive/2015/texmf-dist/tex/latex/hyperref/hpdftex.def
File: hpdftex.def 2012/11/06 v6.83m Hyperref driver for pdfTeX
\Fld@listcount=\count177
\c@bookmark@seq@number=\count178

(c:/texlive/2015/texmf-dist/tex/latex/oberdiek/rerunfilecheck.sty
Package: rerunfilecheck 2011/04/15 v1.7 Rerun checks for auxiliary files (HO)
Package uniquecounter Info: New unique counter `rerunfilecheck' on input line 2
82.
)
\Hy@SectionHShift=\skip56
)
(c:/texlive/2015/texmf-dist/tex/latex/oberdiek/hypcap.sty
Package: hypcap 2011/02/16 v1.11 Adjusting the anchors of captions (HO)
)
(c:/texlive/2015/texmf-dist/tex/latex/cleveref/cleveref.sty
Package: cleveref 2013/12/28 v0.19 Intelligent cross-referencing
Package cleveref Info: `hyperref' support loaded on input line 2230.
LaTeX Info: Redefining \cref on input line 2230.
LaTeX Info: Redefining \Cref on input line 2230.
LaTeX Info: Redefining \crefrange on input line 2230.
LaTeX Info: Redefining \Crefrange on input line 2230.
LaTeX Info: Redefining \cpageref on input line 2230.
LaTeX Info: Redefining \Cpageref on input line 2230.
LaTeX Info: Redefining \cpagerefrange on input line 2230.
LaTeX Info: Redefining \Cpagerefrange on input line 2230.
LaTeX Info: Redefining \labelcref on input line 2230.
LaTeX Info: Redefining \labelcpageref on input line 2230.
Package cleveref Info: `algorithmicx' support loaded on input line 2939.
Package cleveref Info: `aliascnt' support loaded on input line 3012.
Package cleveref Info: always capitalise cross-reference names on input line 74
65.
Package cleveref Info: include cross-reference names in hyperlinks on input lin
e 7476.
Package cleveref Info: always capitalise cross-reference names on input line 74
93.
Package cleveref Info: include cross-reference names in hyperlinks on input lin
e 7493.
)
\symMnSyC=\mathgroup4
Package csquotes Info: Checking for multilingual support...
Package csquotes Info: ... found 'babel' package.
Package csquotes Info: Adjusting default style.
Package csquotes Info: Redefining alias 'default' -> 'american'.
 (./paper.aux)
\openout1 = `paper.aux'.

LaTeX Font Info:    Checking defaults for OML/lmm/m/it on input line 103.
LaTeX Font Info:    Try loading font information for OML+lmm on input line 103.


(c:/texlive/2015/texmf-dist/tex/latex/lm/omllmm.fd
File: omllmm.fd 2009/10/30 v1.6 Font defs for Latin Modern
)
LaTeX Font Info:    ... okay on input line 103.
LaTeX Font Info:    Checking defaults for T1/cmr/m/n on input line 103.
LaTeX Font Info:    ... okay on input line 103.
LaTeX Font Info:    Checking defaults for OT1/lmr/m/n on input line 103.
LaTeX Font Info:    Try loading font information for OT1+lmr on input line 103.


(c:/texlive/2015/texmf-dist/tex/latex/lm/ot1lmr.fd
File: ot1lmr.fd 2009/10/30 v1.6 Font defs for Latin Modern
)
LaTeX Font Info:    ... okay on input line 103.
LaTeX Font Info:    Checking defaults for OMS/lmsy/m/n on input line 103.
LaTeX Font Info:    Try loading font information for OMS+lmsy on input line 103
.

(c:/texlive/2015/texmf-dist/tex/latex/lm/omslmsy.fd
File: omslmsy.fd 2009/10/30 v1.6 Font defs for Latin Modern
)
LaTeX Font Info:    ... okay on input line 103.
LaTeX Font Info:    Checking defaults for OMX/lmex/m/n on input line 103.
LaTeX Font Info:    Try loading font information for OMX+lmex on input line 103
.

(c:/texlive/2015/texmf-dist/tex/latex/lm/omxlmex.fd
File: omxlmex.fd 2009/10/30 v1.6 Font defs for Latin Modern
)
LaTeX Font Info:    ... okay on input line 103.
LaTeX Font Info:    Checking defaults for U/cmr/m/n on input line 103.
LaTeX Font Info:    ... okay on input line 103.
LaTeX Font Info:    Checking defaults for TS1/cmr/m/n on input line 103.
LaTeX Font Info:    Try loading font information for TS1+cmr on input line 103.


(c:/texlive/2015/texmf-dist/tex/latex/base/ts1cmr.fd
File: ts1cmr.fd 2014/09/29 v2.5h Standard LaTeX font definitions
)
LaTeX Font Info:    ... okay on input line 103.
LaTeX Font Info:    Checking defaults for PD1/pdf/m/n on input line 103.
LaTeX Font Info:    ... okay on input line 103.
LaTeX Font Info:    Try loading font information for T1+clm2 on input line 103.


(c:/texlive/2015/texmf-dist/tex/latex/cfr-lm/t1clm2.fd
File: t1clm2.fd 2010/05/25 Fontinst v1.933 font definitions for T1/clm2.
)
(c:/texlive/2015/texmf-dist/tex/context/base/supp-pdf.mkii
[Loading MPS to PDF converter (version 2006.09.02).]
\scratchcounter=\count179
\scratchdimen=\dimen142
\scratchbox=\box58
\nofMPsegments=\count180
\nofMParguments=\count181
\everyMPshowfont=\toks32
\MPscratchCnt=\count182
\MPscratchDim=\dimen143
\MPnumerator=\count183
\makeMPintoPDFobject=\count184
\everyMPtoPDFconversion=\toks33
) (c:/texlive/2015/texmf-dist/tex/latex/oberdiek/epstopdf-base.sty
Package: epstopdf-base 2010/02/09 v2.5 Base part for package epstopdf

(c:/texlive/2015/texmf-dist/tex/latex/oberdiek/grfext.sty
Package: grfext 2010/08/19 v1.1 Manage graphics extensions (HO)
)
Package grfext Info: Graphics extension search list:
(grfext)             [.png,.pdf,.jpg,.mps,.jpeg,.jbig2,.jb2,.PNG,.PDF,.JPG,.JPE
G,.JBIG2,.JB2,.eps]
(grfext)             \AppendGraphicsExtensions on input line 452.

(c:/texlive/2015/texmf-dist/tex/latex/latexconfig/epstopdf-sys.cfg
File: epstopdf-sys.cfg 2010/07/13 v1.3 Configuration of (r)epstopdf for TeX Liv
e
))
LaTeX Info: Redefining \microtypecontext on input line 103.
Package microtype Info: Generating PDF output.
Package microtype Info: Character protrusion enabled (level 2).
Package microtype Info: Using default protrusion set `alltext'.
Package microtype Info: Automatic font expansion enabled (level 2),
(microtype)             stretch: 20, shrink: 20, step: 1, non-selected.
Package microtype Info: Using default expansion set `basictext'.
Package microtype Info: No adjustment of tracking.
Package microtype Info: No adjustment of interword spacing.
Package microtype Info: No adjustment of character kerning.

(c:/texlive/2015/texmf-dist/tex/latex/microtype/mt-cmr.cfg
File: mt-cmr.cfg 2013/05/19 v2.2 microtype config. file: Computer Modern Roman 
(RS)
)
\AtBeginShipoutBox=\box59

(c:/texlive/2015/texmf-dist/tex/latex/graphics/color.sty
Package: color 2016/01/03 v1.1b Standard LaTeX Color (DPC)

(c:/texlive/2015/texmf-dist/tex/latex/latexconfig/color.cfg
File: color.cfg 2007/01/18 v1.5 color configuration of teTeX/TeXLive
)
Package color Info: Driver file: pdftex.def on input line 143.
)
Package hyperref Info: Link coloring ON on input line 103.

(c:/texlive/2015/texmf-dist/tex/latex/hyperref/nameref.sty
Package: nameref 2012/10/27 v2.43 Cross-referencing by name of section

(c:/texlive/2015/texmf-dist/tex/generic/oberdiek/gettitlestring.sty
Package: gettitlestring 2010/12/03 v1.4 Cleanup title references (HO)
)
\c@section@level=\count185
)
LaTeX Info: Redefining \ref on input line 103.
LaTeX Info: Redefining \pageref on input line 103.
LaTeX Info: Redefining \nameref on input line 103.

(c:/texlive/2015/texmf-dist/tex/generic/pdftex/glyphtounicode.tex)
LaTeX Font Info:    External font `lmex10' loaded for size
(Font)              <10> on input line 140.
LaTeX Font Info:    External font `lmex10' loaded for size
(Font)              <7> on input line 140.
LaTeX Font Info:    External font `lmex10' loaded for size
(Font)              <5> on input line 140.

Underfull \hbox (badness 10000) in paragraph at lines 151--152

 []

<./images/bigdata_matrix.png, id=4, 1006.76125pt x 574.145pt>
File: ./images/bigdata_matrix.png Graphic file (type png)

<use ./images/bigdata_matrix.png>
Package pdftex.def Info: ./images/bigdata_matrix.png used on input line 154.
(pdftex.def)             Requested size: 347.12354pt x 197.95758pt.

Underfull \hbox (badness 10000) in paragraph at lines 159--160

 []


Underfull \hbox (badness 10000) in paragraph at lines 163--164

 []

[1

{c:/texlive/2015/texmf-var/fonts/map/pdftex/updmap/pdftex.map}]
<./images/bigdata_ecosystem.png, id=26, 1007.765pt x 943.525pt>
File: ./images/bigdata_ecosystem.png Graphic file (type png)

<use ./images/bigdata_ecosystem.png>
Package pdftex.def Info: ./images/bigdata_ecosystem.png used on input line 168.

(pdftex.def)             Requested size: 231.78107pt x 217.00618pt.

Underfull \hbox (badness 10000) in paragraph at lines 177--178

 []

[2 <./images/bigdata_matrix.png>]
<./images/abds_ecosystem.png, id=47, 1007.765pt x 790.955pt>
File: ./images/abds_ecosystem.png Graphic file (type png)

<use ./images/abds_ecosystem.png>
Package pdftex.def Info: ./images/abds_ecosystem.png used on input line 180.
(pdftex.def)             Requested size: 231.78107pt x 181.91582pt.

Underfull \hbox (badness 10000) in paragraph at lines 190--191

 []

<./images/hpc_ecosystem.png, id=59, 1007.765pt x 790.955pt>
File: ./images/hpc_ecosystem.png Graphic file (type png)

<use ./images/hpc_ecosystem.png>
Package pdftex.def Info: ./images/hpc_ecosystem.png used on input line 193.
(pdftex.def)             Requested size: 231.78107pt x 181.91582pt.

Underfull \hbox (badness 10000) in paragraph at lines 199--200

 []

[3 <./images/bigdata_ecosystem.png>] [4 <./images/abds_ecosystem.png> <./images
/hpc_ecosystem.png>]
Underfull \hbox (badness 10000) in paragraph at lines 206--207

 []


Underfull \hbox (badness 10000) in paragraph at lines 208--209

 []

[5]
Underfull \hbox (badness 10000) in paragraph at lines 213--214

 []


Underfull \hbox (badness 10000) in paragraph at lines 215--216

 []

[6]
Overfull \hbox (1.79306pt too wide) in paragraph at lines 233--234
 []\T1/clm2/bx/n/10 High Per-for-mance Big Data Sys-tem (HPBDS) project [[]][] 
\T1/clm2/m/n/10 (-20) : The HPBDS
 []


Underfull \hbox (badness 10000) in paragraph at lines 233--234

 []

<./images/hpc_abds.png, id=130, 1003.75pt x 767.86874pt>
File: ./images/hpc_abds.png Graphic file (type png)

<use ./images/hpc_abds.png>
Package pdftex.def Info: ./images/hpc_abds.png used on input line 237.
(pdftex.def)             Requested size: 250.93689pt x 191.9667pt.

Underfull \hbox (badness 10000) in paragraph at lines 247--248

 []

[7 <./images/hpc_abds.png>]
LaTeX Font Info:    External font `lmex10' loaded for size
(Font)              <9> on input line 255.
LaTeX Font Info:    External font `lmex10' loaded for size
(Font)              <6> on input line 255.

Underfull \hbox (badness 10000) in paragraph at lines 283--284

 []

[8]
Underfull \hbox (badness 10000) in paragraph at lines 284--285

 []


Underfull \hbox (badness 10000) in paragraph at lines 286--287

 []


Underfull \hbox (badness 10000) in paragraph at lines 293--294

 []

[9]
Underfull \hbox (badness 10000) in paragraph at lines 298--299

 []


Underfull \hbox (badness 10000) in paragraph at lines 343--344

 []


Underfull \hbox (badness 10000) in paragraph at lines 345--346

 []

[10]
Underfull \hbox (badness 10000) in paragraph at lines 347--348

 []

<./images/data_parallel.png, id=187, 1006.76125pt x 573.14125pt>
File: ./images/data_parallel.png Graphic file (type png)

<use ./images/data_parallel.png>
Package pdftex.def Info: ./images/data_parallel.png used on input line 350.
(pdftex.def)             Requested size: 332.23224pt x 189.13719pt.


LaTeX Warning: `h' float specifier changed to `ht'.

<./images/model_parallel.png, id=188, 1006.76125pt x 700.6175pt>
File: ./images/model_parallel.png Graphic file (type png)

<use ./images/model_parallel.png>
Package pdftex.def Info: ./images/model_parallel.png used on input line 357.
(pdftex.def)             Requested size: 332.23224pt x 231.20448pt.


LaTeX Warning: `h' float specifier changed to `ht'.

[11]
Underfull \hbox (badness 10000) in paragraph at lines 367--368

 []


Underfull \hbox (badness 10000) in paragraph at lines 369--370

 []

<./images/adam_architecture.png, id=202, 1006.76125pt x 529.98pt>
File: ./images/adam_architecture.png Graphic file (type png)

<use ./images/adam_architecture.png>
Package pdftex.def Info: ./images/adam_architecture.png used on input line 374.

(pdftex.def)             Requested size: 332.23224pt x 174.89392pt.
 [12 <./images/data_parallel.png>]

LaTeX Warning: `h' float specifier changed to `ht'.


Underfull \hbox (badness 10000) in paragraph at lines 380--381

 []

[13 <./images/model_parallel.png>]
Underfull \hbox (badness 10000) in paragraph at lines 382--383

 []


Underfull \hbox (badness 10000) in paragraph at lines 384--385

 []


Underfull \hbox (badness 10000) in paragraph at lines 386--387

 []

[14 <./images/adam_architecture.png>]
Underfull \hbox (badness 10000) in paragraph at lines 388--389

 []


Underfull \hbox (badness 10000) in paragraph at lines 390--391

 []


Underfull \hbox (badness 10000) in paragraph at lines 392--393

 []


Underfull \hbox (badness 10000) in paragraph at lines 394--395

 []


Underfull \hbox (badness 10000) in paragraph at lines 400--401

 []


Underfull \vbox (badness 10000) has occurred while \output is active []

 [15]
Underfull \hbox (badness 10000) in paragraph at lines 423--424

 []


Underfull \hbox (badness 10000) in paragraph at lines 446--447

 []

[16]
Underfull \hbox (badness 10000) in paragraph at lines 454--455

 []

<./images/diannao.png, id=269, 1007.765pt x 651.43375pt>
File: ./images/diannao.png Graphic file (type png)

<use ./images/diannao.png>
Package pdftex.def Info: ./images/diannao.png used on input line 458.
(pdftex.def)             Requested size: 231.78107pt x 149.8266pt.

<./images/diannao_results.png, id=273, 1030.85126pt x 512.91624pt>
File: ./images/diannao_results.png Graphic file (type png)

<use ./images/diannao_results.png>
Package pdftex.def Info: ./images/diannao_results.png used on input line 465.
(pdftex.def)             Requested size: 347.12354pt x 172.71436pt.
 [17 <./images/diannao.png>]
Underfull \hbox (badness 10000) in paragraph at lines 474--476

 []


Underfull \hbox (badness 10000) in paragraph at lines 477--478

 []

[18 <./images/diannao_results.png>]
Underfull \hbox (badness 10000) in paragraph at lines 479--480

 []

<./images/dadiannao_node.png, id=300, 1006.76125pt x 663.47874pt>
File: ./images/dadiannao_node.png Graphic file (type png)

<use ./images/dadiannao_node.png>
Package pdftex.def Info: ./images/dadiannao_node.png used on input line 482.
(pdftex.def)             Requested size: 302.0307pt x 199.04515pt.

Underfull \hbox (badness 10000) in paragraph at lines 487--488

 []

[19 <./images/dadiannao_node.png>]
<./images/dadiannao_tile.png, id=311, 1006.76125pt x 780.9175pt>
File: ./images/dadiannao_tile.png Graphic file (type png)

<use ./images/dadiannao_tile.png>
Package pdftex.def Info: ./images/dadiannao_tile.png used on input line 491.
(pdftex.def)             Requested size: 231.55022pt x 179.60724pt.

<./images/dadiannao_chips.png, id=316, 902.37125pt x 548.0475pt>
File: ./images/dadiannao_chips.png Graphic file (type png)

<use ./images/dadiannao_chips.png>
Package pdftex.def Info: ./images/dadiannao_chips.png used on input line 504.
(pdftex.def)             Requested size: 347.12354pt x 210.8275pt.

Underfull \vbox (badness 5578) has occurred while \output is active []

 [20 <./images/dadiannao_tile.png>]
Underfull \hbox (badness 10000) in paragraph at lines 510--511

 []

[21 <./images/dadiannao_chips.png>]
Underfull \hbox (badness 10000) in paragraph at lines 516--517

 []

<./images/graph_multi.png, id=335, 1007.765pt x 1218.5525pt>
File: ./images/graph_multi.png Graphic file (type png)

<use ./images/graph_multi.png>
Package pdftex.def Info: ./images/graph_multi.png used on input line 520.
(pdftex.def)             Requested size: 251.94063pt x 304.63737pt.

Underfull \hbox (badness 10000) in paragraph at lines 518--526

 []


Underfull \hbox (badness 10000) in paragraph at lines 527--528

 []

[22] <./images/graph_superstep.png, id=355, 1007.765pt x 933.4875pt>
File: ./images/graph_superstep.png Graphic file (type png)

<use ./images/graph_superstep.png>
Package pdftex.def Info: ./images/graph_superstep.png used on input line 534.
(pdftex.def)             Requested size: 231.78107pt x 214.6976pt.

Underfull \hbox (badness 10000) in paragraph at lines 542--543

 []

[23 <./images/graph_multi.png>]
Underfull \hbox (badness 10000) in paragraph at lines 544--545

 []

[24 <./images/graph_superstep.png>]
Underfull \hbox (badness 10000) in paragraph at lines 546--547

 []


Underfull \hbox (badness 10000) in paragraph at lines 550--552

 []

<./images/krunal8.png, id=383, 199.74625pt x 365.365pt>
File: ./images/krunal8.png Graphic file (type png)

<use ./images/krunal8.png>
Package pdftex.def Info: ./images/krunal8.png used on input line 554.
(pdftex.def)             Requested size: 99.87288pt x 182.68205pt.

Underfull \hbox (badness 10000) in paragraph at lines 561--562

 []

[25]
Underfull \hbox (badness 10000) in paragraph at lines 564--565

 []

[26 <./images/krunal8.png>]
<./images/krunal2.png, id=403, 124.465pt x 495.8525pt>
File: ./images/krunal2.png Graphic file (type png)

<use ./images/krunal2.png>
Package pdftex.def Info: ./images/krunal2.png used on input line 569.
(pdftex.def)             Requested size: 62.23235pt x 247.92564pt.
 [27 <./images/krunal2.png>]
Underfull \hbox (badness 10000) in paragraph at lines 594--595

 []

<./images/krunal3_new.png, id=414, 726.715pt x 545.03625pt>
File: ./images/krunal3_new.png Graphic file (type png)

<use ./images/krunal3_new.png>
Package pdftex.def Info: ./images/krunal3_new.png used on input line 599.
(pdftex.def)             Requested size: 290.68085pt x 218.01064pt.

Underfull \hbox (badness 10000) in paragraph at lines 597--605

 []


Underfull \hbox (badness 10000) in paragraph at lines 608--609

 []

[28]
Underfull \hbox (badness 10000) in paragraph at lines 610--612

 []

[29 <./images/krunal3_new.png>]
<./images/krunal4.png, id=440, 514.92375pt x 238.8925pt>
File: ./images/krunal4.png Graphic file (type png)

<use ./images/krunal4.png>
Package pdftex.def Info: ./images/krunal4.png used on input line 619.
(pdftex.def)             Requested size: 257.46124pt x 119.44595pt.

<./images/krunal5_new.png, id=441, 476.78125pt x 277.035pt>
File: ./images/krunal5_new.png Graphic file (type png)

<use ./images/krunal5_new.png>
Package pdftex.def Info: ./images/krunal5_new.png used on input line 626.
(pdftex.def)             Requested size: 190.7091pt x 110.81203pt.
 [30 <./images/krunal4.png> <./images/krunal5_new.png>]
Underfull \hbox (badness 10000) in paragraph at lines 638--639

 []

<./images/krunal6.png, id=452, 956.57375pt x 325.215pt>
File: ./images/krunal6.png Graphic file (type png)

<use ./images/krunal6.png>
Package pdftex.def Info: ./images/krunal6.png used on input line 642.
(pdftex.def)             Requested size: 286.97433pt x 97.56525pt.

<./images/krunal7_new.png, id=458, 785.93625pt x 161.60374pt>
File: ./images/krunal7_new.png Graphic file (type png)

<use ./images/krunal7_new.png>
Package pdftex.def Info: ./images/krunal7_new.png used on input line 651.
(pdftex.def)             Requested size: 314.36893pt x 64.64035pt.

Underfull \hbox (badness 10000) in paragraph at lines 657--658

 []

[31 <./images/krunal6.png>]
Underfull \hbox (badness 10000) in paragraph at lines 659--660

 []

Package hyperref Info: bookmark level for unknown algorithm defaults to 0 on in
put line 662.

Underfull \hbox (badness 10000) in paragraph at lines 688--689

 []

[32 <./images/krunal7_new.png>]
<./images/krunal9_new.png, id=483, 603.25375pt x 252.945pt>
File: ./images/krunal9_new.png Graphic file (type png)

<use ./images/krunal9_new.png>
Package pdftex.def Info: ./images/krunal9_new.png used on input line 691.
(pdftex.def)             Requested size: 301.62613pt x 126.47218pt.

Underfull \hbox (badness 10000) in paragraph at lines 697--698

 []

[33pdfTeX warning (ext4): destination with the same identifier (name{ALG@line.1
}) has been already used, duplicate ignored

\AtBegShi@Output ...ipout \box \AtBeginShipoutBox 
                                                  \fi \fi 
l.699 \newpage
              pdfTeX warning (ext4): destination with the same identifier (name
{ALG@line.2}) has been already used, duplicate ignored

\AtBegShi@Output ...ipout \box \AtBeginShipoutBox 
                                                  \fi \fi 
l.699 \newpage
              pdfTeX warning (ext4): destination with the same identifier (name
{ALG@line.3}) has been already used, duplicate ignored

\AtBegShi@Output ...ipout \box \AtBeginShipoutBox 
                                                  \fi \fi 
l.699 \newpage
               <./images/krunal9_new.png>]
Underfull \hbox (badness 10000) in paragraph at lines 701--702

 []


Underfull \hbox (badness 10000) in paragraph at lines 705--706

 []


Underfull \hbox (badness 10000) in paragraph at lines 706--707

 []


Underfull \hbox (badness 10000) in paragraph at lines 707--708

 []


Underfull \hbox (badness 10000) in paragraph at lines 709--710

 []

<./images/RDMA_Hadoop.png, id=495, 732.7375pt x 493.845pt>
File: ./images/RDMA_Hadoop.png Graphic file (type png)

<use ./images/RDMA_Hadoop.png>
Package pdftex.def Info: ./images/RDMA_Hadoop.png used on input line 714.
(pdftex.def)             Requested size: 347.12354pt x 233.95335pt.

Underfull \hbox (badness 10000) in paragraph at lines 712--720

 []

[34]
Underfull \hbox (badness 10000) in paragraph at lines 721--722

 []


Underfull \hbox (badness 10000) in paragraph at lines 723--724

 []


Underfull \hbox (badness 10000) in paragraph at lines 725--726

 []

[35 <./images/RDMA_Hadoop.png>]
Underfull \hbox (badness 10000) in paragraph at lines 727--728

 []

[36] (./paper.bbl
LaTeX Font Info:    Try loading font information for T1+clm2v on input line 7.
 (c:/texlive/2015/texmf-dist/tex/latex/cfr-lm/t1clm2v.fd
File: t1clm2v.fd 2010/05/25 Fontinst v1.933 font definitions for T1/clm2v.
)
Package microtype Info: Loading generic settings for font family
(microtype)             `clm2v' (encoding: T1).
(microtype)             For optimal results, create family-specific settings.
(microtype)             See the microtype manual for details.

[37] [38] [39])
Package atveryend Info: Empty hook `BeforeClearDocument' on input line 745.
 [40]
Package atveryend Info: Empty hook `AfterLastShipout' on input line 745.
 (./paper.aux)
Package atveryend Info: Executing hook `AtVeryEndDocument' on input line 745.
Package atveryend Info: Empty hook `AtEndAfterFileList' on input line 745.
 )
(\end occurred inside a group at level 1)

### simple group (level 1) entered at line 231 ({)
### bottom level 
Here is how much of TeX's memory you used:
 13459 strings out of 493033
 209850 string characters out of 6137754
 469507 words of memory out of 5000000
 16236 multiletter control sequences out of 15000+600000
 78142 words of font info for 297 fonts, out of 8000000 for 9000
 1144 hyphenation exceptions out of 8191
 34i,11n,55p,1390b,628s stack positions out of 5000i,500n,10000p,200000b,80000s
{c:/texlive/2015/texmf-dist/fonts/enc/dvips/cfr-lm/dotdigits-cl
m.enc}{c:/texlive/2015/texmf-dist/fonts/enc/dvips/cfr-lm/t1-clm.enc}{c:/texlive
/2015/texmf-dist/fonts/enc/dvips/lm/lm-mathsy.enc}{c:/texlive/2015/texmf-dist/f
onts/enc/dvips/lm/lm-mathit.enc}{c:/texlive/2015/texmf-dist/fonts/enc/dvips/lm/
lm-rm.enc}<c:/texlive/2015/texmf-dist/fonts/type1/public/lm/lmbx10.pfb><c:/texl
ive/2015/texmf-dist/fonts/type1/public/lm/lmbx12.pfb><c:/texlive/2015/texmf-dis
t/fonts/type1/public/lm/lmbx9.pfb><c:/texlive/2015/texmf-dist/fonts/type1/publi
c/lm/lmmi10.pfb><c:/texlive/2015/texmf-dist/fonts/type1/public/lm/lmmi9.pfb><c:
/texlive/2015/texmf-dist/fonts/type1/public/lm/lmr10.pfb><c:/texlive/2015/texmf
-dist/fonts/type1/public/lm/lmr9.pfb><c:/texlive/2015/texmf-dist/fonts/type1/pu
blic/lm/lmri10.pfb><c:/texlive/2015/texmf-dist/fonts/type1/public/lm/lmsy10.pfb
><c:/texlive/2015/texmf-dist/fonts/type1/public/lm/lmvtt10.pfb>
Output written on paper.pdf (40 pages, 1164061 bytes).
PDF statistics:
 662 PDF objects out of 1000 (max. 8388607)
 469 compressed objects within 5 object streams
 183 named destinations out of 1000 (max. 500000)
 27257 words of extra memory for PDF output out of 29859 (max. 10000000)

